2011-02-15 10:33:38 Debug: Notice (1024): Please change the value of 'Security.salt' in app/config/core.php to a salt value specific to your application in [Y:\home\cake\www\cake\libs\debugger.php, line 684]
2011-02-15 10:33:38 Debug: Notice (1024): Please change the value of 'Security.cipherSeed' in app/config/core.php to a numeric (digits only) seed value specific to your application in [Y:\home\cake\www\cake\libs\debugger.php, line 688]
2011-02-15 11:00:12 Debug: Notice (8): Undefined property: CategoriesController::$Cookie in [Y:\home\cake\www\app\controllers\categories_controller.php, line 17]
2011-02-15 11:02:12 Debug: Notice (8): Undefined property: CategoriesController::$Cookie in [Y:\home\cake\www\app\controllers\categories_controller.php, line 16]
2011-02-15 11:02:12 Debug: Notice (8): Undefined property: CategoriesController::$Cookie in [Y:\home\cake\www\app\controllers\categories_controller.php, line 17]
2011-02-15 11:02:28 Debug: Notice (8): Undefined property: CategoriesController::$Cookie in [Y:\home\cake\www\app\controllers\categories_controller.php, line 12]
2011-02-15 11:02:28 Debug: Notice (8): Undefined property: CategoriesController::$Cookie in [Y:\home\cake\www\app\controllers\categories_controller.php, line 17]
2011-02-16 09:08:26 Debug: Notice (8): Undefined variable: data in [Y:\home\cake\www\app\views\items\index.ctp, line 4]
2011-02-16 09:08:49 Debug: Notice (8): Undefined variable: data in [Y:\home\cake\www\app\views\items\index.ctp, line 4]
2011-02-16 09:19:18 Debug: Notice (8): Undefined index:  title in [Y:\home\cake\www\app\views\items\index.ctp, line 12]
2011-02-16 09:23:24 Debug: Notice (8): Undefined index:  special in [Y:\home\cake\www\app\views\items\index.ctp, line 16]
2011-02-16 09:36:02 Debug: Notice (8): Undefined variable: msg in [Y:\home\cake\www\cake\basics.php, line 706]
2011-02-16 10:18:13 Debug: Notice (8): Undefined property: ItemsController::$Setting in [Y:\home\cake\www\app\controllers\_commoncontroller.php, line 13]
2011-02-16 10:21:34 Debug: Notice (8): Undefined property: ItemsController::$Setting in [Y:\home\cake\www\app\controllers\_commoncontroller.php, line 16]
2011-02-16 10:21:55 Debug: Notice (8): Undefined variable: lang in [Y:\home\cake\www\app\controllers\_commoncontroller.php, line 17]
2011-02-16 10:28:02 Debug: Notice (8): Undefined index:  variable in [Y:\home\cake\www\app\controllers\_commoncontroller.php, line 22]
2011-02-16 10:28:02 Debug: Notice (8): Undefined index:  value in [Y:\home\cake\www\app\controllers\_commoncontroller.php, line 22]
2011-02-16 10:28:24 Debug: Notice (8): Undefined index:  variable in [Y:\home\cake\www\app\controllers\_commoncontroller.php, line 22]
2011-02-16 10:28:24 Debug: Notice (8): Undefined index:  value in [Y:\home\cake\www\app\controllers\_commoncontroller.php, line 22]
2011-02-16 10:29:20 Debug: Notice (8): Undefined variable: settings in [Y:\home\cake\www\app\controllers\_commoncontroller.php, line 29]
2011-02-16 10:32:08 Debug: Notice (8): Undefined variable: settings in [Y:\home\cake\www\app\controllers\_commoncontroller.php, line 10]
2011-02-16 10:32:21 Debug: Notice (8): Undefined variable: settings in [Y:\home\cake\www\app\controllers\_commoncontroller.php, line 10]
2011-02-16 10:43:31 Debug: Notice (8): Use of undefined constant __ADMIN - assumed '__ADMIN' in [Y:\home\cake\www\app\controllers\_commoncontroller.php, line 40]
2011-02-16 10:45:30 Debug: Notice (8): Use of undefined constant __ADMIN - assumed '__ADMIN' in [Y:\home\cake\www\app\views\items\index.ctp, line 6]
2011-02-16 10:46:04 Debug: Notice (8): Use of undefined constant __ADMIN - assumed '__ADMIN' in [Y:\home\cake\www\app\views\items\index.ctp, line 6]
2011-02-16 11:06:03 Debug: Notice (8): Undefined variable: id in [Y:\home\cake\www\app\controllers\items_controller.php, line 25]
2011-02-16 11:25:32 Debug: Notice (8): Undefined variable: item in [Y:\home\cake\www\app\views\items\view.ctp, line 5]
2011-02-16 12:48:01 Debug: Notice (8): Undefined variable: item in [Y:\home\cake\www\app\views\items\view.ctp, line 10]
2011-02-16 13:11:14 Debug: Notice (8): Undefined variable: data in [Y:\home\cake\www\app\views\categories\view.ctp, line 1]
2011-02-16 13:11:53 Debug: Notice (8): Undefined index:  Category in [Y:\home\cake\www\app\views\categories\view.ctp, line 1]
2011-02-16 15:32:27 Debug: Notice (8): Undefined index:  ParentCategory in [Y:\home\cake\www\app\views\categories\view.ctp, line 3]
2011-02-16 15:33:14 Debug: Notice (8): Undefined index:  ParentCategory in [Y:\home\cake\www\app\views\categories\view.ctp, line 3]
2011-02-16 15:35:04 Debug: Notice (8): Undefined index:  ParentCategory in [Y:\home\cake\www\app\views\categories\view.ctp, line 3]
2011-02-16 15:42:51 Debug: Notice (8): Undefined index:  ParentCategory in [Y:\home\cake\www\app\views\categories\view.ctp, line 3]
2011-02-16 15:43:28 Debug: Notice (8): Undefined index:  ParentCategory in [Y:\home\cake\www\app\views\categories\view.ctp, line 3]
2011-02-16 15:46:53 Debug: Notice (8): Undefined index:  name in [Y:\home\cake\www\app\views\categories\view.ctp, line 3]
2011-02-16 15:46:53 Debug: Notice (8): Undefined index:  id in [Y:\home\cake\www\app\views\categories\view.ctp, line 3]
2011-02-16 16:06:24 Debug: Notice (8): Undefined index:  id in [Y:\home\cake\www\app\views\items\view.ctp, line 16]
2011-02-16 16:06:24 Debug: Notice (8): Undefined index:  url in [Y:\home\cake\www\app\views\items\view.ctp, line 16]
2011-02-16 16:29:01 Debug: Notice (8): Undefined variable: html in [Y:\home\cake\www\app\views\helpers\tree.php, line 225]
2011-02-16 16:29:22 Debug: Notice (8): Undefined property: TreeHelper::$html in [Y:\home\cake\www\app\views\helpers\tree.php, line 225]
2011-02-16 16:29:30 Debug: Notice (8): Undefined variable: html in [Y:\home\cake\www\app\views\helpers\tree.php, line 225]
2011-02-16 20:26:41 Debug: Notice (8): Undefined variable: javascript in [Y:\home\cake\www\app\views\layouts\default.ctp, line 8]
2011-02-16 20:26:43 Debug: Notice (8): Undefined variable: javascript in [Y:\home\cake\www\app\views\layouts\default.ctp, line 8]
2011-02-16 20:26:59 Debug: Notice (8): Undefined variable: javascript in [Y:\home\cake\www\app\views\layouts\default.ctp, line 8]
2011-02-16 20:26:59 Debug: Notice (8): Undefined variable: javascript in [Y:\home\cake\www\app\views\layouts\default.ctp, line 8]
2011-02-16 20:27:05 Debug: Notice (8): Undefined variable: javascript in [Y:\home\cake\www\app\views\layouts\default.ctp, line 8]
2011-02-16 20:27:05 Debug: Notice (8): Undefined variable: javascript in [Y:\home\cake\www\app\views\layouts\default.ctp, line 8]
2011-02-16 20:27:40 Debug: Notice (8): Undefined variable: javascript in [Y:\home\cake\www\app\views\layouts\default.ctp, line 8]
2011-02-16 20:27:42 Debug: Notice (8): Undefined variable: javascript in [Y:\home\cake\www\app\views\layouts\default.ctp, line 8]
2011-02-16 20:29:18 Debug: Notice (8): Undefined variable: javascript in [Y:\home\cake\www\app\views\layouts\default.ctp, line 8]
2011-02-16 20:29:20 Debug: Notice (8): Undefined variable: javascript in [Y:\home\cake\www\app\views\layouts\default.ctp, line 8]
2011-02-16 20:29:26 Debug: Notice (8): Undefined variable: javascript in [Y:\home\cake\www\app\views\layouts\default.ctp, line 8]
2011-02-16 20:29:26 Debug: Notice (8): Undefined variable: javascript in [Y:\home\cake\www\app\views\layouts\default.ctp, line 8]
2011-02-16 20:29:33 Debug: Notice (8): Undefined variable: javascript in [Y:\home\cake\www\app\views\layouts\default.ctp, line 8]
2011-02-16 20:29:33 Debug: Notice (8): Undefined variable: javascript in [Y:\home\cake\www\app\views\layouts\default.ctp, line 8]
2011-02-16 20:29:55 Debug: Notice (8): Undefined variable: javascript in [Y:\home\cake\www\app\views\layouts\default.ctp, line 8]
2011-02-16 20:29:55 Debug: Notice (8): Undefined variable: javascript in [Y:\home\cake\www\app\views\layouts\default.ctp, line 8]
2011-02-16 20:30:04 Debug: Notice (8): Undefined variable: javascript in [Y:\home\cake\www\app\views\layouts\default.ctp, line 8]
2011-02-16 20:30:06 Debug: Notice (8): Undefined variable: javascript in [Y:\home\cake\www\app\views\layouts\default.ctp, line 8]
2011-02-16 20:31:03 Debug: Notice (8): Undefined variable: javascript in [Y:\home\cake\www\app\views\layouts\default.ctp, line 8]
2011-02-16 20:31:05 Debug: Notice (8): Undefined variable: javascript in [Y:\home\cake\www\app\views\layouts\default.ctp, line 8]
2011-02-16 20:31:22 Debug: Notice (8): Undefined variable: javascript in [Y:\home\cake\www\app\views\layouts\default.ctp, line 8]
2011-02-16 20:31:24 Debug: Notice (8): Undefined variable: javascript in [Y:\home\cake\www\app\views\layouts\default.ctp, line 8]
2011-02-16 20:31:32 Debug: Notice (8): Undefined variable: javascript in [Y:\home\cake\www\app\views\layouts\default.ctp, line 8]
2011-02-16 20:31:34 Debug: Notice (8): Undefined variable: javascript in [Y:\home\cake\www\app\views\layouts\default.ctp, line 8]
2011-02-16 20:32:01 Debug: Notice (8): Undefined variable: javascript in [Y:\home\cake\www\app\views\layouts\default.ctp, line 8]
2011-02-16 20:32:03 Debug: Notice (8): Undefined variable: javascript in [Y:\home\cake\www\app\views\layouts\default.ctp, line 8]
2011-02-16 20:32:18 Debug: Notice (8): Undefined variable: javascript in [Y:\home\cake\www\app\views\layouts\default.ctp, line 8]
2011-02-16 20:32:20 Debug: Notice (8): Undefined variable: javascript in [Y:\home\cake\www\app\views\layouts\default.ctp, line 8]
2011-02-16 20:33:15 Debug: Notice (8): Undefined variable: javascript in [Y:\home\cake\www\app\views\layouts\default.ctp, line 8]
2011-02-16 20:33:16 Debug: Notice (8): Undefined variable: javascript in [Y:\home\cake\www\app\views\layouts\default.ctp, line 8]
2011-02-16 20:34:19 Debug: Notice (8): Undefined variable: javascript in [Y:\home\cake\www\app\views\layouts\default.ctp, line 8]
2011-02-16 20:34:21 Debug: Notice (8): Undefined variable: javascript in [Y:\home\cake\www\app\views\layouts\default.ctp, line 8]
2011-02-16 20:35:43 Debug: Notice (8): Undefined variable: javascript in [Y:\home\cake\www\app\views\layouts\default.ctp, line 8]
2011-02-16 20:35:44 Debug: Notice (8): Undefined variable: javascript in [Y:\home\cake\www\app\views\layouts\default.ctp, line 8]
2011-02-16 20:39:23 Debug: Notice (8): Undefined variable: javascript in [Y:\home\cake\www\app\views\layouts\default.ctp, line 8]
2011-02-16 20:39:26 Debug: Notice (8): Undefined variable: javascript in [Y:\home\cake\www\app\views\layouts\default.ctp, line 8]
2011-02-16 20:39:27 Debug: Notice (8): Undefined variable: javascript in [Y:\home\cake\www\app\views\layouts\default.ctp, line 8]
2011-02-16 20:39:28 Debug: Notice (8): Undefined variable: javascript in [Y:\home\cake\www\app\views\layouts\default.ctp, line 8]
2011-02-16 20:41:16 Debug: Notice (8): Undefined variable: javascript in [Y:\home\cake\www\app\views\layouts\default.ctp, line 8]
2011-02-16 20:41:16 Debug: Notice (8): Undefined variable: javascript in [Y:\home\cake\www\app\views\layouts\default.ctp, line 8]
2011-02-16 20:41:57 Debug: Notice (8): Undefined variable: javascript in [Y:\home\cake\www\app\views\layouts\default.ctp, line 8]
2011-02-16 20:41:58 Debug: Notice (8): Undefined variable: javascript in [Y:\home\cake\www\app\views\layouts\default.ctp, line 8]
2011-02-16 20:42:08 Debug: Notice (8): Undefined variable: javascript in [Y:\home\cake\www\app\views\layouts\default.ctp, line 8]
2011-02-16 20:42:09 Debug: Notice (8): Undefined variable: javascript in [Y:\home\cake\www\app\views\layouts\default.ctp, line 8]
2011-02-16 20:43:57 Debug: Notice (8): Undefined variable: javascript in [Y:\home\cake\www\app\views\layouts\default.ctp, line 10]
2011-02-16 20:43:59 Debug: Notice (8): Undefined variable: javascript in [Y:\home\cake\www\app\views\layouts\default.ctp, line 10]
2011-02-16 21:01:26 Debug: Notice (8): Undefined property: CategoriesController::$Security in [Y:\home\cake\www\app\controllers\categories_controller.php, line 17]
2011-02-16 21:01:54 Debug: Notice (8): Undefined property: CategoriesController::$jsTree in [Y:\home\cake\www\app\controllers\categories_controller.php, line 25]
2011-02-16 21:08:40 Debug: Notice (8): Undefined index:  node in [Y:\home\cake\www\app\controllers\categories_controller.php, line 78]
2011-02-16 21:08:41 Debug: Notice (8): Undefined index:  node in [Y:\home\cake\www\app\controllers\categories_controller.php, line 78]
2011-02-16 21:09:52 Debug: Notice (8): Undefined index:  node in [Y:\home\cake\www\app\controllers\categories_controller.php, line 78]
2011-02-16 21:47:16 Debug: Notice (8): Undefined index:  id in [Y:\home\cake\www\app\views\categories\view.ctp, line 17]
2011-02-16 23:10:00 Debug: Notice (8): Undefined variable: post in [Y:\home\cake\www\app\controllers\categories_controller.php, line 34]
2011-02-16 23:10:18 Debug: Notice (8): Undefined property: CategoriesController::$post in [Y:\home\cake\www\app\controllers\categories_controller.php, line 34]
2011-02-16 23:13:19 Debug: Notice (8): Undefined index:  Category in [Y:\home\cake\www\app\controllers\categories_controller.php, line 34]
2011-02-17 10:39:12 Debug: Notice (8): Undefined index:  knock in [Y:\home\cake\www\app\controllers\categories_controller.php, line 104]
2011-02-17 10:42:55 Debug: Notice (8): Undefined variable: parent_id in [Y:\home\cake\www\app\views\categories\edit.ctp, line 4]
2011-02-17 10:43:39 Debug: Notice (8): Undefined variable: parent_id in [Y:\home\cake\www\app\views\categories\edit.ctp, line 4]
2011-02-17 10:44:04 Debug: Notice (8): Undefined variable: parent_id in [Y:\home\cake\www\app\views\categories\edit.ctp, line 4]
2011-02-17 10:45:54 Debug: Notice (8): Undefined index:  Category in [Y:\home\cake\www\app\views\categories\edit.ctp, line 4]
2011-02-17 10:59:44 Debug: Notice (8): Undefined property: Category::$Category in [Y:\home\cake\www\app\models\category.php, line 53]
2011-02-17 11:01:09 Debug: Notice (8): Undefined index:  Category in [Y:\home\cake\www\app\controllers\categories_controller.php, line 87]
2011-02-17 11:01:09 Debug: Notice (8): Undefined index:  Category in [Y:\home\cake\www\app\controllers\categories_controller.php, line 93]
2011-02-17 11:01:10 Debug: Notice (8): Undefined index:  Category in [Y:\home\cake\www\app\views\categories\view.ctp, line 1]
2011-02-17 11:01:10 Debug: Notice (8): Undefined index:  Category in [Y:\home\cake\www\app\views\categories\view.ctp, line 3]
2011-02-17 11:01:10 Debug: Notice (8): Undefined index:  Category in [Y:\home\cake\www\app\views\categories\view.ctp, line 29]
2011-02-17 11:01:56 Debug: Notice (8): Undefined index:  Category in [Y:\home\cake\www\app\controllers\categories_controller.php, line 87]
2011-02-17 11:01:56 Debug: Notice (8): Undefined index:  Category in [Y:\home\cake\www\app\controllers\categories_controller.php, line 93]
2011-02-17 11:01:57 Debug: Notice (8): Undefined index:  Category in [Y:\home\cake\www\app\views\categories\view.ctp, line 1]
2011-02-17 11:01:57 Debug: Notice (8): Undefined index:  Category in [Y:\home\cake\www\app\views\categories\view.ctp, line 3]
2011-02-17 11:01:57 Debug: Notice (8): Undefined index:  Category in [Y:\home\cake\www\app\views\categories\view.ctp, line 29]
2011-02-17 11:02:43 Debug: Notice (8): Undefined index:  Category in [Y:\home\cake\www\app\controllers\categories_controller.php, line 87]
2011-02-17 11:02:44 Debug: Notice (8): Undefined index:  Category in [Y:\home\cake\www\app\controllers\categories_controller.php, line 93]
2011-02-17 11:02:44 Debug: Notice (8): Undefined index:  Category in [Y:\home\cake\www\app\views\categories\view.ctp, line 1]
2011-02-17 11:02:44 Debug: Notice (8): Undefined index:  Category in [Y:\home\cake\www\app\views\categories\view.ctp, line 3]
2011-02-17 11:02:44 Debug: Notice (8): Undefined index:  Category in [Y:\home\cake\www\app\views\categories\view.ctp, line 29]
2011-02-17 11:04:49 Debug: Notice (8): Undefined variable: code in [Y:\home\cake\www\cake\libs\error.php, line 138]
2011-02-17 11:04:49 Debug: Notice (8): Undefined variable: name in [Y:\home\cake\www\cake\libs\error.php, line 139]
2011-02-17 11:04:49 Debug: Notice (8): Undefined variable: message in [Y:\home\cake\www\cake\libs\error.php, line 140]
2011-02-17 11:04:49 Debug: Notice (8): Undefined variable: code in [Y:\home\cake\www\cake\libs\error.php, line 141]
2011-02-17 11:04:49 Debug: Notice (8): Undefined variable: name in [Y:\home\cake\www\cake\libs\error.php, line 142]
2011-02-17 11:10:02 Debug: Notice (8): Undefined variable: code in [Y:\home\cake\www\cake\libs\error.php, line 138]
2011-02-17 11:10:02 Debug: Notice (8): Undefined variable: name in [Y:\home\cake\www\cake\libs\error.php, line 139]
2011-02-17 11:10:02 Debug: Notice (8): Undefined variable: message in [Y:\home\cake\www\cake\libs\error.php, line 140]
2011-02-17 11:10:03 Debug: Notice (8): Undefined variable: code in [Y:\home\cake\www\cake\libs\error.php, line 141]
2011-02-17 11:10:03 Debug: Notice (8): Undefined variable: name in [Y:\home\cake\www\cake\libs\error.php, line 142]
2011-02-17 11:10:36 Debug: Notice (8): Undefined variable: code in [Y:\home\cake\www\cake\libs\error.php, line 138]
2011-02-17 11:10:36 Debug: Notice (8): Undefined variable: name in [Y:\home\cake\www\cake\libs\error.php, line 139]
2011-02-17 11:10:36 Debug: Notice (8): Undefined variable: message in [Y:\home\cake\www\cake\libs\error.php, line 140]
2011-02-17 11:10:36 Debug: Notice (8): Undefined variable: code in [Y:\home\cake\www\cake\libs\error.php, line 141]
2011-02-17 11:10:36 Debug: Notice (8): Undefined variable: name in [Y:\home\cake\www\cake\libs\error.php, line 142]
2011-02-17 11:11:26 Debug: Notice (8): Undefined variable: code in [Y:\home\cake\www\cake\libs\error.php, line 138]
2011-02-17 11:11:26 Debug: Notice (8): Undefined variable: name in [Y:\home\cake\www\cake\libs\error.php, line 139]
2011-02-17 11:11:26 Debug: Notice (8): Undefined variable: message in [Y:\home\cake\www\cake\libs\error.php, line 140]
2011-02-17 11:11:26 Debug: Notice (8): Undefined variable: code in [Y:\home\cake\www\cake\libs\error.php, line 141]
2011-02-17 11:11:26 Debug: Notice (8): Undefined variable: name in [Y:\home\cake\www\cake\libs\error.php, line 142]
2011-02-17 11:13:17 Debug: Notice (8): Undefined variable: className in [Y:\home\cake\www\cake\libs\error.php, line 238]
2011-02-17 11:13:17 Debug: Notice (8): Undefined variable: action in [Y:\home\cake\www\cake\libs\error.php, line 239]
2011-02-17 11:13:52 Debug: Notice (8): Undefined index:  Category in [Y:\home\cake\www\app\controllers\categories_controller.php, line 87]
2011-02-17 11:13:53 Debug: Notice (8): Undefined index:  Category in [Y:\home\cake\www\app\controllers\categories_controller.php, line 93]
2011-02-17 11:13:53 Debug: Notice (8): Undefined index:  Category in [Y:\home\cake\www\app\views\categories\view.ctp, line 1]
2011-02-17 11:13:53 Debug: Notice (8): Undefined index:  Category in [Y:\home\cake\www\app\views\categories\view.ctp, line 3]
2011-02-17 11:13:53 Debug: Notice (8): Undefined index:  Category in [Y:\home\cake\www\app\views\categories\view.ctp, line 29]
2011-02-17 11:15:17 Debug: Notice (8): Undefined property: ItemsController::$Category in [Y:\home\cake\www\app\controllers\items_controller.php, line 50]
2011-02-17 11:16:11 Debug: Notice (8): Undefined variable: cat in [Y:\home\cake\www\app\controllers\items_controller.php, line 52]
2011-02-17 11:23:03 Debug: Notice (8): Undefined variable: categories in [Y:\home\cake\www\app\views\items\create.ctp, line 4]
2011-02-17 11:24:47 Debug: Notice (8): Undefined variable: categories in [Y:\home\cake\www\app\views\items\create.ctp, line 4]
2011-02-17 11:24:53 Debug: Notice (8): Undefined variable: categories in [Y:\home\cake\www\app\views\items\create.ctp, line 4]
2011-02-17 11:25:00 Debug: Notice (8): Undefined variable: categories in [Y:\home\cake\www\app\views\items\create.ctp, line 4]
2011-02-17 13:00:22 Debug: Notice (8): Use of undefined constant WEBROOT - assumed 'WEBROOT' in [Y:\home\cake\www\app\controllers\items_controller.php, line 71]
2011-02-17 13:00:53 Debug: Notice (8): Undefined property: ItemsController::$root in [Y:\home\cake\www\app\controllers\items_controller.php, line 71]
2011-02-17 13:01:03 Debug: Notice (8): Undefined property: ItemsController::$wwwroot in [Y:\home\cake\www\app\controllers\items_controller.php, line 71]
2011-02-17 13:11:19 Debug: Notice (8): Undefined variable: time in [Y:\home\cake\www\app\controllers\items_controller.php, line 74]
2011-02-17 13:25:18 Debug: Notice (8): Undefined property: ItemsController::$Image in [Y:\home\cake\www\app\controllers\items_controller.php, line 80]
2011-02-17 13:43:37 Debug: Notice (8): Undefined variable: categories in [Y:\home\cake\www\app\views\items\edit.ctp, line 6]
2011-02-17 13:43:37 Debug: Notice (8): Undefined variable: data in [Y:\home\cake\www\app\views\items\edit.ctp, line 6]
2011-02-17 13:43:37 Debug: Notice (8): Undefined variable: images in [Y:\home\cake\www\app\views\items\edit.ctp, line 11]
2011-02-17 13:43:37 Debug: Notice (8): Undefined variable: data in [Y:\home\cake\www\app\views\items\edit.ctp, line 11]
2011-02-17 13:44:14 Debug: Notice (8): Undefined property: ItemsController::$Category in [Y:\home\cake\www\app\controllers\items_controller.php, line 63]
2011-02-17 13:44:29 Debug: Notice (8): Undefined index:  cat_id in [Y:\home\cake\www\app\views\items\edit.ctp, line 6]
2011-02-17 13:44:29 Debug: Notice (8): Undefined variable: images in [Y:\home\cake\www\app\views\items\edit.ctp, line 11]
2011-02-17 13:44:29 Debug: Notice (8): Undefined index:  main_pic_id in [Y:\home\cake\www\app\views\items\edit.ctp, line 11]
2011-02-17 13:45:30 Debug: Notice (8): Undefined index:  cat_id in [Y:\home\cake\www\app\views\items\edit.ctp, line 6]
2011-02-17 13:45:31 Debug: Notice (8): Undefined variable: images in [Y:\home\cake\www\app\views\items\edit.ctp, line 11]
2011-02-17 13:45:31 Debug: Notice (8): Undefined index:  main_pic_id in [Y:\home\cake\www\app\views\items\edit.ctp, line 11]
2011-02-17 13:45:50 Debug: Notice (8): Undefined variable: images in [Y:\home\cake\www\app\views\items\edit.ctp, line 11]
2011-02-17 13:45:51 Debug: Notice (8): Undefined index:  main_pic_id in [Y:\home\cake\www\app\views\items\edit.ctp, line 11]
2011-02-17 13:45:58 Debug: Notice (8): Undefined variable: images in [Y:\home\cake\www\app\views\items\edit.ctp, line 11]
2011-02-17 13:45:58 Debug: Notice (8): Undefined index:  main_pic_id in [Y:\home\cake\www\app\views\items\edit.ctp, line 11]
2011-02-17 13:46:02 Debug: Notice (8): Undefined variable: images in [Y:\home\cake\www\app\views\items\edit.ctp, line 11]
2011-02-17 13:46:02 Debug: Notice (8): Undefined index:  main_pic_id in [Y:\home\cake\www\app\views\items\edit.ctp, line 11]
2011-02-17 13:46:16 Debug: Notice (8): Undefined variable: images in [Y:\home\cake\www\app\views\items\edit.ctp, line 11]
2011-02-17 13:46:17 Debug: Notice (8): Undefined index:  main_pic_id in [Y:\home\cake\www\app\views\items\edit.ctp, line 11]
2011-02-17 13:46:23 Debug: Notice (8): Undefined variable: images in [Y:\home\cake\www\app\views\items\edit.ctp, line 11]
2011-02-17 13:46:23 Debug: Notice (8): Undefined index:  main_pic_id in [Y:\home\cake\www\app\views\items\edit.ctp, line 11]
2011-02-17 13:46:28 Debug: Notice (8): Undefined variable: images in [Y:\home\cake\www\app\views\items\edit.ctp, line 11]
2011-02-17 13:46:28 Debug: Notice (8): Undefined index:  main_pic_id in [Y:\home\cake\www\app\views\items\edit.ctp, line 11]
2011-02-17 13:46:58 Debug: Notice (8): Undefined variable: images in [Y:\home\cake\www\app\views\items\edit.ctp, line 11]
2011-02-17 13:47:19 Debug: Notice (8): Undefined variable: images in [Y:\home\cake\www\app\views\items\edit.ctp, line 11]
2011-02-17 13:47:21 Debug: Notice (8): Undefined variable: images in [Y:\home\cake\www\app\views\items\edit.ctp, line 11]
2011-02-17 13:47:37 Debug: Notice (8): Undefined variable: images in [Y:\home\cake\www\app\views\items\edit.ctp, line 11]
2011-02-17 13:48:39 Debug: Notice (8): Undefined variable: images in [Y:\home\cake\www\app\views\items\edit.ctp, line 11]
2011-02-17 13:49:02 Debug: Notice (8): Undefined property: Item::$Images in [Y:\home\cake\www\app\controllers\items_controller.php, line 66]
2011-02-17 13:51:56 Debug: Notice (8): Array to string conversion in [Y:\home\cake\www\cake\libs\model\datasources\dbo_source.php, line 2011]
2011-02-17 13:51:56 Debug: Notice (8): Array to string conversion in [Y:\home\cake\www\cake\libs\model\datasources\dbo_source.php, line 2015]
2011-02-17 13:51:56 Debug: Notice (8): Array to string conversion in [Y:\home\cake\www\cake\libs\model\datasources\dbo_source.php, line 2019]
2011-02-17 13:51:56 Debug: Notice (8): Array to string conversion in [Y:\home\cake\www\cake\libs\model\datasources\dbo_source.php, line 2020]
2011-02-17 14:34:06 Debug: Notice (8): Undefined index:  name in [Y:\home\cake\www\app\models\image.php, line 21]
2011-02-17 14:38:28 Debug: Notice (8): Undefined variable: id in [Y:\home\cake\www\app\controllers\items_controller.php, line 159]
2011-02-17 15:52:05 Debug: Notice (8): Use of undefined constant DATABASE_CONFIG - assumed 'DATABASE_CONFIG' in [Y:\home\cake\www\app\controllers\_commoncontroller.php, line 9]
2011-02-17 16:03:18 Debug: Notice (8): Undefined index:  action in [Y:\home\cake\www\cake\dispatcher.php, line 269]
2011-02-17 16:03:18 Debug: Notice (8): Undefined index:  controller in [Y:\home\cake\www\cake\dispatcher.php, line 121]
2011-02-17 16:24:37 Debug: Notice (8): Use of undefined constant CONFIG - assumed 'CONFIG' in [Y:\home\cake\www\app\config\routes.php, line 25]
2011-02-17 16:38:28 Debug: Notice (8): Undefined property: AdminController::$Category in [Y:\home\cake\www\app\controllers\admin_controller.php, line 22]
2011-02-17 16:51:24 Debug: Notice (8): Use of undefined constant LOCALE - assumed 'LOCALE' in [Y:\home\cake\www\app\controllers\admin_controller.php, line 25]
2011-02-17 16:51:34 Debug: Notice (8): Use of undefined constant LOCALES - assumed 'LOCALES' in [Y:\home\cake\www\app\controllers\admin_controller.php, line 25]
2011-02-17 17:08:01 Debug: Notice (8): Undefined index:  lang in [Y:\home\cake\www\app\controllers\admin_controller.php, line 41]
2011-02-17 17:08:01 Debug: Notice (8): Undefined variable: lang in [Y:\home\cake\www\app\views\admin\index.ctp, line 2]
2011-02-17 17:08:47 Debug: Notice (8): Undefined index:  lang in [Y:\home\cake\www\app\controllers\admin_controller.php, line 41]
2011-02-17 17:26:32 Debug: Notice (8): Undefined variable: javascript in [Y:\home\cake\www\app\views\admin\categories.ctp, line 4]
2011-02-17 17:35:11 Debug: Notice (8): Undefined variable: db in [Y:\home\cake\www\app\controllers\admin_controller.php, line 28]
2011-02-17 17:36:04 Debug: Notice (8): Undefined property: AdminController::$Setting in [Y:\home\cake\www\app\controllers\admin_controller.php, line 29]
2011-02-17 17:37:08 Debug: Notice (8): Undefined property: AdminController::$settings in [Y:\home\cake\www\app\controllers\_commoncontroller.php, line 21]
2011-02-17 17:37:44 Debug: Notice (8): Undefined property: AdminController::$Setting in [Y:\home\cake\www\app\controllers\admin_controller.php, line 29]
2011-02-17 17:37:56 Debug: Notice (8): Undefined property: AdminController::$Setting in [Y:\home\cake\www\app\controllers\admin_controller.php, line 29]
2011-02-17 17:42:02 Debug: Notice (8): Undefined property: AdminController::$Settings in [Y:\home\cake\www\app\controllers\admin_controller.php, line 31]
2011-02-17 17:42:10 Debug: Notice (8): Undefined index:  id in [Y:\home\cake\www\cake\libs\model\model.php, line 1329]
2011-02-17 18:06:18 Debug: Notice (8): Undefined index:  pass in [Y:\home\cake\www\app\controllers\admin_controller.php, line 39]
2011-02-17 18:18:51 Debug: Notice (8): Undefined property: AdminController::$Cookie in [Y:\home\cake\www\app\controllers\admin_controller.php, line 47]
2011-02-17 18:19:53 Debug: Notice (8): Undefined property: CategoriesController::$Cookie in [Y:\home\cake\www\app\controllers\_commoncontroller.php, line 37]
2011-02-17 18:20:02 Debug: Notice (8): Undefined property: CategoriesController::$Cookie in [Y:\home\cake\www\app\controllers\_commoncontroller.php, line 37]
2011-02-17 18:20:21 Debug: Notice (8): Undefined property: CategoriesController::$Cookie in [Y:\home\cake\www\app\controllers\_commoncontroller.php, line 37]
2011-02-17 18:21:01 Debug: Notice (8): Undefined property: CategoriesController::$Cookie in [Y:\home\cake\www\app\controllers\_commoncontroller.php, line 39]
2011-02-17 18:33:45 Debug: Notice (8): Undefined variable: locales in [Y:\home\cake\www\app\views\admin\items.ctp, line 5]
2011-02-17 18:33:45 Debug: Notice (8): Undefined variable: current_lang in [Y:\home\cake\www\app\views\admin\items.ctp, line 5]
2011-02-17 19:00:03 Debug: Notice (8): Undefined offset:  0 in [Y:\home\cake\www\app\controllers\admin_controller.php, line 86]
2011-02-17 19:00:04 Debug: Notice (8): Undefined offset:  0 in [Y:\home\cake\www\app\controllers\admin_controller.php, line 86]
2011-02-17 19:00:35 Debug: Notice (8): Undefined offset:  0 in [Y:\home\cake\www\app\controllers\admin_controller.php, line 86]
2011-02-17 19:27:01 Debug: Notice (8): Undefined variable: attr in [Y:\home\cake\www\app\controllers\admin_controller.php, line 103]
2011-02-17 19:39:54 Debug: Notice (8): Array to string conversion in [Y:\home\cake\www\cake\libs\model\datasources\dbo_source.php, line 749]
2011-02-17 19:43:07 Debug: Notice (8): Array to string conversion in [Y:\home\cake\www\cake\libs\model\datasources\dbo_source.php, line 749]
2011-02-17 19:45:12 Debug: Notice (8): Trying to get property of non-object in [Y:\home\cake\www\app\controllers\admin_controller.php, line 134]
2011-02-17 20:10:42 Debug: Notice (8): Uninitialized string offset: 0 in [Y:\home\cake\www\cake\libs\view\helper.php, line 711]
2011-02-17 20:13:59 Debug: Notice (8): Undefined index:  MainImage in [Y:\home\cake\www\app\views\items\index.ctp, line 18]
2011-02-17 20:14:09 Debug: Notice (8): Undefined index:  MainImage in [Y:\home\cake\www\app\views\items\index.ctp, line 18]
2011-02-17 21:13:19 Debug: Notice (8): Use of undefined constant __ADMIN - assumed '__ADMIN' in [Y:\home\cake\www\app\views\layouts\default.ctp, line 21]
2011-02-17 21:17:10 Debug: Notice (8): Undefined property: CategoriesController::$Session in [Y:\home\cake\www\app\controllers\app_controller.php, line 30]
2011-02-17 21:19:11 Debug: Notice (8): Use of undefined constant __ADMIN - assumed '__ADMIN' in [Y:\home\cake\www\app\views\layouts\default.ctp, line 21]
2011-02-17 21:19:20 Debug: Notice (8): Use of undefined constant __ADMIN - assumed '__ADMIN' in [Y:\home\cake\www\app\views\layouts\default.ctp, line 21]
2011-02-17 21:27:34 Debug: Notice (8): Use of undefined constant __ADMIN - assumed '__ADMIN' in [Y:\home\cake\www\app\views\layouts\default.ctp, line 21]
2011-02-17 21:34:32 Debug: Notice (8): Use of undefined constant __ADMIN - assumed '__ADMIN' in [Y:\home\cake\www\app\views\layouts\default.ctp, line 21]
2011-02-17 21:35:18 Debug: Notice (8): Use of undefined constant __ADMIN - assumed '__ADMIN' in [Y:\home\cake\www\app\views\layouts\default.ctp, line 21]
2011-02-17 21:35:28 Debug: Notice (8): Use of undefined constant __ADMIN - assumed '__ADMIN' in [Y:\home\cake\www\app\views\layouts\default.ctp, line 21]
