2011-02-15 11:03:09 Warning: Warning (4096): Object of class CookieComponent could not be converted to string in [Y:\home\cake\www\app\controllers\categories_controller.php, line 14]
2011-02-15 11:03:09 Warning: Warning (2): Cannot modify header information - headers already sent by (output started at Y:\home\cake\www\cake\libs\debugger.php:673) in [Y:\home\cake\www\cake\libs\controller\components\cookie.php, line 366]
2011-02-15 15:05:41 Warning: Warning (512): <span style="color:Red;text-align:left"><b>SQL Error:</b> 1054: Unknown column 'Item.cat_id' in 'on clause'</span> in [Y:\home\cake\www\cake\libs\model\datasources\dbo_source.php, line 684]
2011-02-15 15:06:59 Warning: Warning (512): <span style="color:Red;text-align:left"><b>SQL Error:</b> 1054: Unknown column 'Item.cat_id' in 'on clause'</span> in [Y:\home\cake\www\cake\libs\model\datasources\dbo_source.php, line 684]
2011-02-15 15:08:53 Warning: Warning (512): <span style="color:Red;text-align:left"><b>SQL Error:</b> 1054: Unknown column 'MainImage.main_pic_id' in 'on clause'</span> in [Y:\home\cake\www\cake\libs\model\datasources\dbo_source.php, line 684]
2011-02-15 15:09:43 Warning: Warning (512): <span style="color:Red;text-align:left"><b>SQL Error:</b> 1054: Unknown column 'Good.main_pic_id' in 'on clause'</span> in [Y:\home\cake\www\cake\libs\model\datasources\dbo_source.php, line 684]
2011-02-15 15:17:19 Warning: Warning (512): <span style="color:Red;text-align:left"><b>SQL Error:</b> 1054: Unknown column 'Image.item_id' in 'field list'</span> in [Y:\home\cake\www\cake\libs\model\datasources\dbo_source.php, line 684]
2011-02-15 15:17:19 Warning: Warning (2): Invalid argument supplied for foreach() in [Y:\home\cake\www\cake\libs\model\datasources\dbo_source.php, line 1098]
2011-02-15 15:17:48 Warning: Warning (512): <span style="color:Red;text-align:left"><b>SQL Error:</b> 1054: Unknown column 'Image.item_id' in 'field list'</span> in [Y:\home\cake\www\cake\libs\model\datasources\dbo_source.php, line 684]
2011-02-15 15:17:48 Warning: Warning (2): Invalid argument supplied for foreach() in [Y:\home\cake\www\cake\libs\model\datasources\dbo_source.php, line 1098]
2011-02-15 15:17:59 Warning: Warning (512): <span style="color:Red;text-align:left"><b>SQL Error:</b> 1054: Unknown column 'Image.item_id' in 'field list'</span> in [Y:\home\cake\www\cake\libs\model\datasources\dbo_source.php, line 684]
2011-02-15 15:17:59 Warning: Warning (2): Invalid argument supplied for foreach() in [Y:\home\cake\www\cake\libs\model\datasources\dbo_source.php, line 1098]
2011-02-15 15:18:57 Warning: Warning (512): <span style="color:Red;text-align:left"><b>SQL Error:</b> 1054: Unknown column 'Image.item_id' in 'field list'</span> in [Y:\home\cake\www\cake\libs\model\datasources\dbo_source.php, line 684]
2011-02-15 15:18:57 Warning: Warning (2): Invalid argument supplied for foreach() in [Y:\home\cake\www\cake\libs\model\datasources\dbo_source.php, line 1098]
2011-02-15 15:19:37 Warning: Warning (512): <span style="color:Red;text-align:left"><b>SQL Error:</b> 1054: Unknown column 'Image.item_id' in 'field list'</span> in [Y:\home\cake\www\cake\libs\model\datasources\dbo_source.php, line 684]
2011-02-15 15:19:37 Warning: Warning (2): Invalid argument supplied for foreach() in [Y:\home\cake\www\cake\libs\model\datasources\dbo_source.php, line 1098]
2011-02-15 15:21:31 Warning: Warning (512): <span style="color:Red;text-align:left"><b>SQL Error:</b> 1054: Unknown column 'Image.item_id' in 'field list'</span> in [Y:\home\cake\www\cake\libs\model\datasources\dbo_source.php, line 684]
2011-02-15 15:21:31 Warning: Warning (2): Invalid argument supplied for foreach() in [Y:\home\cake\www\cake\libs\model\datasources\dbo_source.php, line 1098]
2011-02-15 15:21:41 Warning: Warning (512): <span style="color:Red;text-align:left"><b>SQL Error:</b> 1054: Unknown column 'Image.item_id' in 'field list'</span> in [Y:\home\cake\www\cake\libs\model\datasources\dbo_source.php, line 684]
2011-02-15 15:21:41 Warning: Warning (2): Invalid argument supplied for foreach() in [Y:\home\cake\www\cake\libs\model\datasources\dbo_source.php, line 1098]
2011-02-15 15:31:16 Warning: Warning (512): <span style="color:Red;text-align:left"><b>SQL Error:</b> 1054: Unknown column 'Image.id' in 'on clause'</span> in [Y:\home\cake\www\cake\libs\model\datasources\dbo_source.php, line 684]
2011-02-15 15:34:17 Warning: Warning (512): <span style="color:Red;text-align:left"><b>SQL Error:</b> 1054: Unknown column 'Image.id' in 'on clause'</span> in [Y:\home\cake\www\cake\libs\model\datasources\dbo_source.php, line 684]
2011-02-16 09:08:25 Warning: Warning (512): Controller::paginate() - can't find model Recipe in controller ItemsController in [Y:\home\cake\www\cake\libs\controller\controller.php, line 1102]
2011-02-16 09:36:02 Warning: Warning (2): Missing argument 2 for __d(), called in Y:\home\cake\www\app\views\items\index.ctp on line 6 and defined in [Y:\home\cake\www\cake\basics.php, line 705]
2011-02-16 09:40:51 Warning: Warning (512): <span style="color:Red;text-align:left"><b>SQL Error:</b> 1054: Unknown column 'Category.id as cat_id' in 'field list'</span> in [Y:\home\cake\www\cake\libs\model\datasources\dbo_source.php, line 684]
2011-02-16 09:40:51 Warning: Warning (2): Invalid argument supplied for foreach() in [Y:\home\cake\www\app\views\items\index.ctp, line 11]
2011-02-16 09:41:21 Warning: Warning (512): <span style="color:Red;text-align:left"><b>SQL Error:</b> 1054: Unknown column 'Category.id' in 'field list'</span> in [Y:\home\cake\www\cake\libs\model\datasources\dbo_source.php, line 684]
2011-02-16 09:41:22 Warning: Warning (2): Invalid argument supplied for foreach() in [Y:\home\cake\www\app\views\items\index.ctp, line 11]
2011-02-16 11:06:03 Warning: Warning (2): Missing argument 1 for ItemsController::view() in [Y:\home\cake\www\app\controllers\items_controller.php, line 23]
2011-02-16 11:06:03 Warning: Warning (2): Cannot modify header information - headers already sent by (output started at Y:\home\cake\www\cake\libs\debugger.php:673) in [Y:\home\cake\www\cake\libs\controller\controller.php, line 742]
2011-02-16 11:10:17 Warning: Warning (512): <span style="color:Red;text-align:left"><b>SQL Error:</b> 1054: Unknown column 'Setting.id' in 'field list'</span> in [Y:\home\cake\www\cake\libs\model\datasources\dbo_source.php, line 684]
2011-02-16 11:12:01 Warning: Warning (512): <span style="color:Red;text-align:left"><b>SQL Error:</b> 1054: Unknown column 'Settings.variable' in 'field list'</span> in [Y:\home\cake\www\cake\libs\model\datasources\dbo_source.php, line 684]
2011-02-16 12:57:14 Warning: Warning (2): Cannot modify header information - headers already sent by (output started at Y:\home\cake\www\cake\basics.php:110) in [Y:\home\cake\www\cake\libs\controller\controller.php, line 742]
2011-02-16 12:57:41 Warning: Warning (2): Cannot modify header information - headers already sent by (output started at Y:\home\cake\www\cake\basics.php:110) in [Y:\home\cake\www\cake\libs\controller\controller.php, line 742]
2011-02-16 12:58:08 Warning: Warning (2): Cannot modify header information - headers already sent by (output started at Y:\home\cake\www\cake\basics.php:110) in [Y:\home\cake\www\cake\libs\controller\controller.php, line 742]
2011-02-16 13:05:08 Warning: Warning (2): Invalid argument supplied for foreach() in [Y:\home\cake\www\app\views\items\view.ctp, line 15]
2011-02-16 13:05:51 Warning: Warning (2): Invalid argument supplied for foreach() in [Y:\home\cake\www\app\views\items\view.ctp, line 15]
2011-02-16 13:08:55 Warning: Warning (512): <span style="color:Red;text-align:left"><b>SQL Error:</b> 1054: Unknown column 'Category.i_d' in 'where clause'</span> in [Y:\home\cake\www\cake\libs\model\datasources\dbo_source.php, line 684]
2011-02-16 13:08:55 Warning: Warning (2): Cannot modify header information - headers already sent by (output started at Y:\home\cake\www\cake\libs\debugger.php:673) in [Y:\home\cake\www\cake\libs\controller\controller.php, line 742]
2011-02-16 15:40:48 Warning: Warning (512): <span style="color:Red;text-align:left"><b>SQL Error:</b> 1054: Unknown column 'ParentCategory.category_id' in 'on clause'</span> in [Y:\home\cake\www\cake\libs\model\datasources\dbo_source.php, line 684]
2011-02-16 15:40:48 Warning: Warning (2): Cannot modify header information - headers already sent by (output started at Y:\home\cake\www\cake\libs\debugger.php:673) in [Y:\home\cake\www\cake\libs\controller\controller.php, line 742]
2011-02-16 16:05:18 Warning: Warning (512): <span style="color:Red;text-align:left"><b>SQL Error:</b> 1054: Unknown column 'Image.good_id' in 'where clause'</span> in [Y:\home\cake\www\cake\libs\model\datasources\dbo_source.php, line 684]
2011-02-16 16:05:18 Warning: Warning (512): <span style="color:Red;text-align:left"><b>SQL Error:</b> 1054: Unknown column 'Image.id' in 'field list'</span> in [Y:\home\cake\www\cake\libs\model\datasources\dbo_source.php, line 684]
2011-02-16 16:05:19 Warning: Warning (2): Invalid argument supplied for foreach() in [Y:\home\cake\www\app\views\items\view.ctp, line 15]
2011-02-16 16:29:13 Warning: Warning (512): Method TreeHelper::link does not exist in [Y:\home\cake\www\cake\libs\view\helper.php, line 154]
2011-02-17 10:36:39 Warning: Warning (512): <span style="color:Red;text-align:left"><b>SQL Error:</b> 1054: Unknown column 'knock' in 'where clause'</span> in [Y:\home\cake\www\cake\libs\model\datasources\dbo_source.php, line 684]
2011-02-17 10:38:05 Warning: Warning (512): <span style="color:Red;text-align:left"><b>SQL Error:</b> 1054: Unknown column 'knock' in 'where clause'</span> in [Y:\home\cake\www\cake\libs\model\datasources\dbo_source.php, line 684]
2011-02-17 10:39:12 Warning: Warning (512): <span style="color:Red;text-align:left"><b>SQL Error:</b> 1064: You have an error in your SQL syntax; check the manual that corresponds to your MySQL server version for the right syntax to use near '' at line 1</span> in [Y:\home\cake\www\cake\libs\model\datasources\dbo_source.php, line 684]
2011-02-17 10:39:12 Warning: Warning (512): <span style="color:Red;text-align:left"><b>SQL Error:</b> 1064: You have an error in your SQL syntax; check the manual that corresponds to your MySQL server version for the right syntax to use near 'LIMIT 10' at line 1</span> in [Y:\home\cake\www\cake\libs\model\datasources\dbo_source.php, line 684]
2011-02-17 10:45:54 Warning: Warning (2): array_merge() [<a href='http://php.net/function.array-merge'>function.array-merge</a>]: Argument #2 is not an array in [Y:\home\cake\www\cake\libs\view\helpers\form.php, line 1142]
2011-02-17 11:01:09 Warning: Warning (512): <span style="color:Red;text-align:left"><b>SQL Error:</b> 1064: You have an error in your SQL syntax; check the manual that corresponds to your MySQL server version for the right syntax to use near '' at line 1</span> in [Y:\home\cake\www\cake\libs\model\datasources\dbo_source.php, line 684]
2011-02-17 11:01:09 Warning: Warning (512): <span style="color:Red;text-align:left"><b>SQL Error:</b> 1064: You have an error in your SQL syntax; check the manual that corresponds to your MySQL server version for the right syntax to use near 'LIMIT 10' at line 1</span> in [Y:\home\cake\www\cake\libs\model\datasources\dbo_source.php, line 684]
2011-02-17 11:01:56 Warning: Warning (512): <span style="color:Red;text-align:left"><b>SQL Error:</b> 1064: You have an error in your SQL syntax; check the manual that corresponds to your MySQL server version for the right syntax to use near '' at line 1</span> in [Y:\home\cake\www\cake\libs\model\datasources\dbo_source.php, line 684]
2011-02-17 11:01:56 Warning: Warning (512): <span style="color:Red;text-align:left"><b>SQL Error:</b> 1064: You have an error in your SQL syntax; check the manual that corresponds to your MySQL server version for the right syntax to use near 'LIMIT 10' at line 1</span> in [Y:\home\cake\www\cake\libs\model\datasources\dbo_source.php, line 684]
2011-02-17 11:02:43 Warning: Warning (512): <span style="color:Red;text-align:left"><b>SQL Error:</b> 1064: You have an error in your SQL syntax; check the manual that corresponds to your MySQL server version for the right syntax to use near 'redirect' at line 1</span> in [Y:\home\cake\www\cake\libs\model\datasources\dbo_source.php, line 684]
2011-02-17 11:02:43 Warning: Warning (512): <span style="color:Red;text-align:left"><b>SQL Error:</b> 1064: You have an error in your SQL syntax; check the manual that corresponds to your MySQL server version for the right syntax to use near '' at line 1</span> in [Y:\home\cake\www\cake\libs\model\datasources\dbo_source.php, line 684]
2011-02-17 11:02:43 Warning: Warning (512): <span style="color:Red;text-align:left"><b>SQL Error:</b> 1064: You have an error in your SQL syntax; check the manual that corresponds to your MySQL server version for the right syntax to use near 'LIMIT 10' at line 1</span> in [Y:\home\cake\www\cake\libs\model\datasources\dbo_source.php, line 684]
2011-02-17 11:13:52 Warning: Warning (512): <span style="color:Red;text-align:left"><b>SQL Error:</b> 1064: You have an error in your SQL syntax; check the manual that corresponds to your MySQL server version for the right syntax to use near 'Flash' at line 1</span> in [Y:\home\cake\www\cake\libs\model\datasources\dbo_source.php, line 684]
2011-02-17 11:13:52 Warning: Warning (512): <span style="color:Red;text-align:left"><b>SQL Error:</b> 1064: You have an error in your SQL syntax; check the manual that corresponds to your MySQL server version for the right syntax to use near '' at line 1</span> in [Y:\home\cake\www\cake\libs\model\datasources\dbo_source.php, line 684]
2011-02-17 11:13:52 Warning: Warning (512): <span style="color:Red;text-align:left"><b>SQL Error:</b> 1064: You have an error in your SQL syntax; check the manual that corresponds to your MySQL server version for the right syntax to use near 'LIMIT 10' at line 1</span> in [Y:\home\cake\www\cake\libs\model\datasources\dbo_source.php, line 684]
2011-02-17 11:16:11 Warning: Warning (2): Cannot modify header information - headers already sent by (output started at Y:\home\cake\www\cake\libs\debugger.php:673) in [Y:\home\cake\www\cake\libs\controller\controller.php, line 742]
2011-02-17 11:41:01 Warning: Warning (512): <span style="color:Red;text-align:left"><b>SQL Error:</b> 1064: You have an error in your SQL syntax; check the manual that corresponds to your MySQL server version for the right syntax to use near '' at line 1</span> in [Y:\home\cake\www\cake\libs\model\datasources\dbo_source.php, line 684]
2011-02-17 11:41:01 Warning: Warning (512): <span style="color:Red;text-align:left"><b>SQL Error:</b> 1064: You have an error in your SQL syntax; check the manual that corresponds to your MySQL server version for the right syntax to use near 'LIMIT 1' at line 1</span> in [Y:\home\cake\www\cake\libs\model\datasources\dbo_source.php, line 684]
2011-02-17 11:41:02 Warning: Warning (2): Invalid argument supplied for foreach() in [Y:\home\cake\www\app\views\items\view.ctp, line 15]
2011-02-17 11:45:39 Warning: Warning (512): <span style="color:Red;text-align:left"><b>SQL Error:</b> 1064: You have an error in your SQL syntax; check the manual that corresponds to your MySQL server version for the right syntax to use near '' at line 1</span> in [Y:\home\cake\www\cake\libs\model\datasources\dbo_source.php, line 684]
2011-02-17 11:45:39 Warning: Warning (512): <span style="color:Red;text-align:left"><b>SQL Error:</b> 1064: You have an error in your SQL syntax; check the manual that corresponds to your MySQL server version for the right syntax to use near 'LIMIT 1' at line 1</span> in [Y:\home\cake\www\cake\libs\model\datasources\dbo_source.php, line 684]
2011-02-17 11:45:40 Warning: Warning (2): Invalid argument supplied for foreach() in [Y:\home\cake\www\app\views\items\view.ctp, line 15]
2011-02-17 11:45:58 Warning: Warning (512): <span style="color:Red;text-align:left"><b>SQL Error:</b> 1064: You have an error in your SQL syntax; check the manual that corresponds to your MySQL server version for the right syntax to use near '' at line 1</span> in [Y:\home\cake\www\cake\libs\model\datasources\dbo_source.php, line 684]
2011-02-17 11:45:58 Warning: Warning (512): <span style="color:Red;text-align:left"><b>SQL Error:</b> 1064: You have an error in your SQL syntax; check the manual that corresponds to your MySQL server version for the right syntax to use near 'LIMIT 1' at line 1</span> in [Y:\home\cake\www\cake\libs\model\datasources\dbo_source.php, line 684]
2011-02-17 11:45:58 Warning: Warning (2): Invalid argument supplied for foreach() in [Y:\home\cake\www\app\views\items\view.ctp, line 15]
2011-02-17 11:46:31 Warning: Warning (512): <span style="color:Red;text-align:left"><b>SQL Error:</b> 1064: You have an error in your SQL syntax; check the manual that corresponds to your MySQL server version for the right syntax to use near '' at line 1</span> in [Y:\home\cake\www\cake\libs\model\datasources\dbo_source.php, line 684]
2011-02-17 11:46:31 Warning: Warning (512): <span style="color:Red;text-align:left"><b>SQL Error:</b> 1064: You have an error in your SQL syntax; check the manual that corresponds to your MySQL server version for the right syntax to use near 'LIMIT 1' at line 1</span> in [Y:\home\cake\www\cake\libs\model\datasources\dbo_source.php, line 684]
2011-02-17 11:46:32 Warning: Warning (2): Invalid argument supplied for foreach() in [Y:\home\cake\www\app\views\items\view.ctp, line 15]
2011-02-17 12:42:39 Warning: Warning (512): Method FormHelper::labelTag does not exist in [Y:\home\cake\www\cake\libs\view\helper.php, line 154]
2011-02-17 13:03:24 Warning: Warning (2): move_uploaded_file(Y:\home\cake\www/img/1291628026277.jpg) [<a href='http://php.net/function.move-uploaded-file'>function.move-uploaded-file</a>]: failed to open stream: No such file or directory in [Y:\home\cake\www\app\controllers\items_controller.php, line 73]
2011-02-17 13:03:24 Warning: Warning (2): move_uploaded_file() [<a href='http://php.net/function.move-uploaded-file'>function.move-uploaded-file</a>]: Unable to move 'Y:\tmp\phpC0B8.tmp' to 'Y:\home\cake\www/img/1291628026277.jpg' in [Y:\home\cake\www\app\controllers\items_controller.php, line 73]
2011-02-17 13:51:56 Warning: Warning (2): preg_match() expects parameter 2 to be string, array given in [Y:\home\cake\www\cake\libs\model\datasources\dbo_source.php, line 2006]
2011-02-17 13:51:56 Warning: Warning (2): preg_match() expects parameter 2 to be string, array given in [Y:\home\cake\www\cake\libs\model\datasources\dbo_source.php, line 2008]
2011-02-17 13:51:56 Warning: Warning (512): <span style="color:Red;text-align:left"><b>SQL Error:</b> 1054: Unknown column 'Image.Array' in 'field list'</span> in [Y:\home\cake\www\cake\libs\model\datasources\dbo_source.php, line 684]
2011-02-17 13:54:11 Warning: Warning (512): <span style="color:Red;text-align:left"><b>SQL Error:</b> 1054: Unknown column 'Image.good_id=31' in 'where clause'</span> in [Y:\home\cake\www\cake\libs\model\datasources\dbo_source.php, line 684]
2011-02-17 14:34:06 Warning: Warning (2): unlink(Y:\home\cake\www/app/webroot/img/) [<a href='http://php.net/function.unlink'>function.unlink</a>]: Permission denied in [Y:\home\cake\www\app\models\image.php, line 21]
2011-02-17 14:34:06 Warning: Warning (2): Cannot modify header information - headers already sent by (output started at Y:\home\cake\www\cake\libs\debugger.php:673) in [Y:\home\cake\www\cake\libs\controller\controller.php, line 742]
2011-02-17 14:34:30 Warning: Warning (2): unlink(Y:\home\cake\www/app/webroot/img/) [<a href='http://php.net/function.unlink'>function.unlink</a>]: Permission denied in [Y:\home\cake\www\app\models\image.php, line 21]
2011-02-17 14:34:30 Warning: Warning (2): Cannot modify header information - headers already sent by (output started at Y:\home\cake\www\cake\libs\debugger.php:673) in [Y:\home\cake\www\cake\libs\controller\controller.php, line 742]
2011-02-17 16:13:24 Warning: Warning (2): file_get_contents(Y:\home\cake\www\app\config\sql\app.sql) [<a href='http://php.net/function.file-get-contents'>function.file-get-contents</a>]: failed to open stream: No such file or directory in [Y:\home\cake\www\app\controllers\installer_controller.php, line 36]
2011-02-17 16:13:24 Warning: Warning (2): Cannot modify header information - headers already sent by (output started at Y:\home\cake\www\cake\libs\debugger.php:673) in [Y:\home\cake\www\cake\libs\controller\controller.php, line 742]
2011-02-17 16:54:32 Warning: Warning (2): opendir(/path/to/files) [<a href='http://php.net/function.opendir'>function.opendir</a>]: failed to open dir: No error in [Y:\home\cake\www\app\controllers\admin_controller.php, line 26]
2011-02-17 16:54:32 Warning: Warning (2): readdir(): supplied argument is not a valid Directory resource in [Y:\home\cake\www\app\controllers\admin_controller.php, line 27]
2011-02-17 17:39:55 Warning: Warning (512): <span style="color:Red;text-align:left"><b>SQL Error:</b> 1065: Query was empty</span> in [Y:\home\cake\www\cake\libs\model\datasources\dbo_source.php, line 684]
2011-02-17 19:00:04 Warning: Warning (2): Invalid argument supplied for foreach() in [Y:\home\cake\www\app\controllers\admin_controller.php, line 86]
2011-02-17 19:00:04 Warning: Warning (2): Invalid argument supplied for foreach() in [Y:\home\cake\www\app\controllers\admin_controller.php, line 86]
2011-02-17 19:00:35 Warning: Warning (2): Invalid argument supplied for foreach() in [Y:\home\cake\www\app\controllers\admin_controller.php, line 86]
2011-02-17 19:27:01 Warning: Warning (2): Invalid argument supplied for foreach() in [Y:\home\cake\www\app\controllers\admin_controller.php, line 103]
2011-02-17 19:39:54 Warning: Warning (512): <span style="color:Red;text-align:left"><b>SQL Error:</b> 1054: Unknown column 'Array' in 'field list'</span> in [Y:\home\cake\www\cake\libs\model\datasources\dbo_source.php, line 684]
2011-02-17 19:43:07 Warning: Warning (512): <span style="color:Red;text-align:left"><b>SQL Error:</b> 1054: Unknown column 'Array' in 'field list'</span> in [Y:\home\cake\www\cake\libs\model\datasources\dbo_source.php, line 684]
2011-02-17 20:15:47 Warning: Warning (512): Method HtmlHelper::img does not exist in [Y:\home\cake\www\cake\libs\view\helper.php, line 154]
2011-02-17 20:15:48 Warning: Warning (512): Method HtmlHelper::img does not exist in [Y:\home\cake\www\cake\libs\view\helper.php, line 154]
2011-02-17 21:31:36 Warning: Warning (2): include_once(Y:\home\cake\www\app\config\database.php) [<a href='http://php.net/function.include-once'>function.include-once</a>]: failed to open stream: No such file or directory in [Y:\home\cake\www\cake\libs\model\connection_manager.php, line 23]
2011-02-17 21:31:36 Warning: Warning (2): include_once() [<a href='http://php.net/function.include'>function.include</a>]: Failed opening 'Y:\home\cake\www\app\config\database.php' for inclusion (include_path='Y:\home\cake\www;Y:\home\cake\www\app\;.;/usr/local/php5/PEAR') in [Y:\home\cake\www\cake\libs\model\connection_manager.php, line 23]
2011-02-17 21:31:36 Error: Fatal Error (256): ConnectionManager::getDataSource - Non-existent data source default in [Y:\home\cake\www\cake\libs\model\connection_manager.php, line 102]
2011-02-17 21:32:01 Warning: Warning (2): include_once(Y:\home\cake\www\app\config\database.php) [<a href='http://php.net/function.include-once'>function.include-once</a>]: failed to open stream: No such file or directory in [Y:\home\cake\www\cake\libs\model\connection_manager.php, line 23]
2011-02-17 21:32:01 Warning: Warning (2): include_once() [<a href='http://php.net/function.include'>function.include</a>]: Failed opening 'Y:\home\cake\www\app\config\database.php' for inclusion (include_path='Y:\home\cake\www;Y:\home\cake\www\app\;.;/usr/local/php5/PEAR') in [Y:\home\cake\www\cake\libs\model\connection_manager.php, line 23]
2011-02-17 21:32:02 Error: Fatal Error (256): ConnectionManager::getDataSource - Non-existent data source default in [Y:\home\cake\www\cake\libs\model\connection_manager.php, line 102]
2011-02-17 21:34:00 Warning: Warning (2): include_once(Y:\home\cake\www\app\config\database.php) [<a href='http://php.net/function.include-once'>function.include-once</a>]: failed to open stream: No such file or directory in [Y:\home\cake\www\cake\libs\model\connection_manager.php, line 23]
2011-02-17 21:34:00 Warning: Warning (2): include_once() [<a href='http://php.net/function.include'>function.include</a>]: Failed opening 'Y:\home\cake\www\app\config\database.php' for inclusion (include_path='Y:\home\cake\www;Y:\home\cake\www\app\;.;/usr/local/php5/PEAR') in [Y:\home\cake\www\cake\libs\model\connection_manager.php, line 23]
2011-02-17 21:34:00 Error: Fatal Error (256): ConnectionManager::getDataSource - Non-existent data source default in [Y:\home\cake\www\cake\libs\model\connection_manager.php, line 102]
2011-02-17 21:34:32 Warning: Warning (2): mysql_connect() [<a href='http://php.net/function.mysql-connect'>function.mysql-connect</a>]: Unknown MySQL server host 'localhost1' (11004) in [Y:\home\cake\www\cake\libs\model\datasources\dbo\dbo_mysql.php, line 552]
2011-02-17 21:34:32 Warning: Warning (2): mysql_select_db(): supplied argument is not a valid MySQL-Link resource in [Y:\home\cake\www\cake\libs\model\datasources\dbo\dbo_mysql.php, line 558]
2011-02-17 21:34:32 Warning: Warning (2): mysql_query(): supplied argument is not a valid MySQL-Link resource in [Y:\home\cake\www\cake\libs\model\datasources\dbo\dbo_mysql.php, line 600]
2011-02-17 21:34:32 Warning: Warning (2): mysql_get_server_info(): supplied argument is not a valid MySQL-Link resource in [Y:\home\cake\www\cake\libs\model\datasources\dbo\dbo_mysql.php, line 566]
2011-02-17 21:34:32 Warning: Warning (2): Cannot modify header information - headers already sent by (output started at Y:\home\cake\www\cake\libs\debugger.php:673) in [Y:\home\cake\www\cake\libs\controller\controller.php, line 742]
2011-02-17 21:35:00 Warning: Warning (2): mysql_connect() [<a href='function.mysql-connect'>function.mysql-connect</a>]: Unknown MySQL server host 'localhost1' (11004) in [Y:\home\cake\www\cake\libs\model\datasources\dbo\dbo_mysql.php, line 552]
2011-02-17 21:35:00 Warning: Warning (2): mysql_select_db(): supplied argument is not a valid MySQL-Link resource in [Y:\home\cake\www\cake\libs\model\datasources\dbo\dbo_mysql.php, line 558]
2011-02-17 21:35:00 Warning: Warning (2): mysql_query(): supplied argument is not a valid MySQL-Link resource in [Y:\home\cake\www\cake\libs\model\datasources\dbo\dbo_mysql.php, line 600]
2011-02-17 21:35:00 Warning: Warning (2): mysql_get_server_info(): supplied argument is not a valid MySQL-Link resource in [Y:\home\cake\www\cake\libs\model\datasources\dbo\dbo_mysql.php, line 566]
2011-02-17 21:35:00 Warning: Warning (2): mysql_query(): supplied argument is not a valid MySQL-Link resource in [Y:\home\cake\www\cake\libs\model\datasources\dbo\dbo_mysql.php, line 600]
2011-02-17 21:35:17 Warning: Warning (2): mysql_connect() [<a href='http://php.net/function.mysql-connect'>function.mysql-connect</a>]: Unknown MySQL server host 'localhost1' (11004) in [Y:\home\cake\www\cake\libs\model\datasources\dbo\dbo_mysql.php, line 552]
2011-02-17 21:35:17 Warning: Warning (2): mysql_select_db(): supplied argument is not a valid MySQL-Link resource in [Y:\home\cake\www\cake\libs\model\datasources\dbo\dbo_mysql.php, line 558]
2011-02-17 21:35:17 Warning: Warning (2): mysql_query(): supplied argument is not a valid MySQL-Link resource in [Y:\home\cake\www\cake\libs\model\datasources\dbo\dbo_mysql.php, line 600]
2011-02-17 21:35:17 Warning: Warning (2): mysql_get_server_info(): supplied argument is not a valid MySQL-Link resource in [Y:\home\cake\www\cake\libs\model\datasources\dbo\dbo_mysql.php, line 566]
2011-02-17 21:35:17 Warning: Warning (2): Cannot modify header information - headers already sent by (output started at Y:\home\cake\www\cake\libs\debugger.php:673) in [Y:\home\cake\www\cake\libs\controller\controller.php, line 742]
2011-02-17 21:35:27 Warning: Warning (2): mysql_connect() [<a href='http://php.net/function.mysql-connect'>function.mysql-connect</a>]: Unknown MySQL server host 'localhost1' (11004) in [Y:\home\cake\www\cake\libs\model\datasources\dbo\dbo_mysql.php, line 552]
2011-02-17 21:35:27 Warning: Warning (2): mysql_select_db(): supplied argument is not a valid MySQL-Link resource in [Y:\home\cake\www\cake\libs\model\datasources\dbo\dbo_mysql.php, line 558]
2011-02-17 21:35:28 Warning: Warning (2): mysql_query(): supplied argument is not a valid MySQL-Link resource in [Y:\home\cake\www\cake\libs\model\datasources\dbo\dbo_mysql.php, line 600]
2011-02-17 21:35:28 Warning: Warning (2): mysql_get_server_info(): supplied argument is not a valid MySQL-Link resource in [Y:\home\cake\www\cake\libs\model\datasources\dbo\dbo_mysql.php, line 566]
2011-02-17 21:35:28 Warning: Warning (2): Cannot modify header information - headers already sent by (output started at Y:\home\cake\www\cake\libs\debugger.php:673) in [Y:\home\cake\www\cake\libs\controller\controller.php, line 742]
